Change Component Footprint: Designator=U1 Old Footprint=SOT-223_L6.5-W3.5-P2.30-LS7.0-BR New Footprint=SOT-223-3_L6.5-W3.4-P2.30-LS7.0-BR
Change Component Footprint: Designator=USB1 Old Footprint=TYPE-C16PIN New Footprint=USB-C-SMD_TYPE-C16PIN
Change Component Comment: Designator=R22 Old Comment=1K次 (1001) ㊣1% New Comment=1K
Change Component Comment: Designator=R23 Old Comment=1K次 (1001) ㊣1% New Comment=1K
Change Component Comment: Designator=R24 Old Comment=1K次 (1001) ㊣1% New Comment=1K
Change Component Comment: Designator=R25 Old Comment=1K次 (1001) ㊣1% New Comment=1K
Change Component Comment: Designator=R30 Old Comment=4.7K次 (4701) ㊣1% New Comment=4.7K
Change Component Comment: Designator=R31 Old Comment=4.7K次 (4701) ㊣1% New Comment=4.7k
Change Component Comment: Designator=R32 Old Comment=4.7K次 (4701) ㊣1% New Comment=4.7K
Change Component Comment: Designator=R33 Old Comment=4.7K次 (4701) ㊣1% New Comment=4.7K
Change Component Comment: Designator=R26 Old Comment=10K次 (1002) ㊣1% New Comment=10K
Change Component Comment: Designator=R27 Old Comment=10K次 (1002) ㊣1% New Comment=10K
Change Component Comment: Designator=R28 Old Comment=10K次 (1002) ㊣1% New Comment=10K
Change Component Comment: Designator=R29 Old Comment=10K次 (1002) ㊣1% New Comment=10K
Change Component Comment: Designator=R18 Old Comment=56R New Comment=200R
Change Component Comment: Designator=R19 Old Comment=56R New Comment=200R
Change Component Comment: Designator=R20 Old Comment=56R New Comment=200R
Change Component Comment: Designator=R21 Old Comment=56R New Comment=200R
Change Component Comment: Designator=U1 Old Comment=AMS1117-3.3V New Comment=
Change Component Comment: Designator=U14 Old Comment=CH340N New Comment=
Change Component Comment: Designator=U4 Old Comment=RS2255XN New Comment=
Change Component Comment: Designator=U6 Old Comment=RS2255XN New Comment=
Change Pin Designator/Name:  Old Designator=R22-1 Old Name=1 New Designator =2 New Name=2
Change Pin Designator/Name:  Old Designator=R22-2 Old Name=2 New Designator =1 New Name=1
Change Pin Designator/Name:  Old Designator=R23-1 Old Name=1 New Designator =2 New Name=2
Change Pin Designator/Name:  Old Designator=R23-2 Old Name=2 New Designator =1 New Name=1
Change Pin Designator/Name:  Old Designator=R24-1 Old Name=1 New Designator =2 New Name=2
Change Pin Designator/Name:  Old Designator=R24-2 Old Name=2 New Designator =1 New Name=1
Change Pin Designator/Name:  Old Designator=R25-1 Old Name=1 New Designator =2 New Name=2
Change Pin Designator/Name:  Old Designator=R25-2 Old Name=2 New Designator =1 New Name=1
Change Pin Designator/Name:  Old Designator=R26-1 Old Name=1 New Designator =2 New Name=2
Change Pin Designator/Name:  Old Designator=R26-2 Old Name=2 New Designator =1 New Name=1
Change Pin Designator/Name:  Old Designator=R27-1 Old Name=1 New Designator =2 New Name=2
Change Pin Designator/Name:  Old Designator=R27-2 Old Name=2 New Designator =1 New Name=1
Change Pin Designator/Name:  Old Designator=R28-1 Old Name=1 New Designator =2 New Name=2
Change Pin Designator/Name:  Old Designator=R28-2 Old Name=2 New Designator =1 New Name=1
Change Pin Designator/Name:  Old Designator=R29-1 Old Name=1 New Designator =2 New Name=2
Change Pin Designator/Name:  Old Designator=R29-2 Old Name=2 New Designator =1 New Name=1
Change Pin Designator/Name:  Old Designator=R30-1 Old Name=1 New Designator =2 New Name=2
Change Pin Designator/Name:  Old Designator=R30-2 Old Name=2 New Designator =1 New Name=1
Change Pin Designator/Name:  Old Designator=R31-1 Old Name=1 New Designator =2 New Name=2
Change Pin Designator/Name:  Old Designator=R31-2 Old Name=2 New Designator =1 New Name=1
Change Pin Designator/Name:  Old Designator=R32-1 Old Name=1 New Designator =2 New Name=2
Change Pin Designator/Name:  Old Designator=R32-2 Old Name=2 New Designator =1 New Name=1
Change Pin Designator/Name:  Old Designator=R33-1 Old Name=1 New Designator =2 New Name=2
Change Pin Designator/Name:  Old Designator=R33-2 Old Name=2 New Designator =1 New Name=1
