Added Component: Designator=C1(0402_C)
Added Component: Designator=C2(0402_C)
Added Component: Designator=C3(0402_C)
Added Component: Designator=C4(0402_C)
Added Component: Designator=C5(0402_C)
Added Component: Designator=C6(0402_C)
Added Component: Designator=C7(0402_C)
Added Component: Designator=C8(0402_C)
Added Component: Designator=C9(0402_C)
Added Component: Designator=C10(0402_C)
Added Component: Designator=C11(0402_C)
Added Component: Designator=C12(0402_C)
Added Component: Designator=C13(0402_C)
Added Component: Designator=C14(0402_C)
Added Component: Designator=C15(0402_C)
Added Component: Designator=C16(0402_C)
Added Component: Designator=C17(0402_C)
Added Component: Designator=C18(0402_C)
Added Component: Designator=C19(0402_C)
Added Component: Designator=C20(0402_C)
Added Component: Designator=C21(0402_C)
Added Component: Designator=C22(0402_C)
Added Component: Designator=C23(0402_C)
Added Component: Designator=C24(0402_C)
Added Component: Designator=C25(0402_C)
Added Component: Designator=C26(0402_C)
Added Component: Designator=C27(0402_C)
Added Component: Designator=C28(0402_C)
Added Component: Designator=C29(0402_C)
Added Component: Designator=C30(0402_C)
Added Component: Designator=C31(0402_C)
Added Component: Designator=C32(0402_C)
Added Component: Designator=C33(0402_C)
Added Component: Designator=C34(1206_C)
Added Component: Designator=C35(1206_C)
Added Component: Designator=C36(0402_C)
Added Component: Designator=D1(0603_LED_S1)
Added Component: Designator=D2(SOD123)
Added Component: Designator=D3(SMB_L4.6-W3.6-LS5.3-RD-DO-214AA)
Added Component: Designator=D4(SMB_L4.5-W3.6-LS5.3-BI)
Added Component: Designator=DC1(DC-053D-20A)
Added Component: Designator=F1(F0805)
Added Component: Designator=F2(F1812)
Added Component: Designator=FB1(0805_L)
Added Component: Designator=L1(IND-SMD_L3.5-W3.0)
Added Component: Designator=P1(HDR2.54-WI-16P)
Added Component: Designator=P2(HDR2.54-WI-16P)
Added Component: Designator=P3(HDR2.54-WI-3P)
Added Component: Designator=P4(HC06)
Added Component: Designator=P5(HC06)
Added Component: Designator=P6(HDR2.54-WI-4P)
Added Component: Designator=P7(HDR2.54-WI-4P)
Added Component: Designator=Q1(SOT-23(SOT-23-3))
Added Component: Designator=R1(0402_R)
Added Component: Designator=R2(0402_R)
Added Component: Designator=R3(0402_R)
Added Component: Designator=R4(0402_R)
Added Component: Designator=R5(0402_R)
Added Component: Designator=R6(0402_R)
Added Component: Designator=R7(0402_R)
Added Component: Designator=R8(0402_R)
Added Component: Designator=R9(0402_R)
Added Component: Designator=R10(0402_R)
Added Component: Designator=R11(0402_R)
Added Component: Designator=R12(0402_R)
Added Component: Designator=R13(0402_R)
Added Component: Designator=R14(0402_R)
Added Component: Designator=R15(0402_R)
Added Component: Designator=R16(0402_R)
Added Component: Designator=R17(0805_R)
Added Component: Designator=R18(0402_R)
Added Component: Designator=R19(0402_R)
Added Component: Designator=R20(0402_R)
Added Component: Designator=R21(0402_R)
Added Component: Designator=R22(0402_R)
Added Component: Designator=R23(0402_R)
Added Component: Designator=R24(0402_R)
Added Component: Designator=R25(0402_R)
Added Component: Designator=R26(0402_R)
Added Component: Designator=R27(0402_R)
Added Component: Designator=R28(0402_R)
Added Component: Designator=R29(0402_R)
Added Component: Designator=R30(0402_R)
Added Component: Designator=R31(0402_R)
Added Component: Designator=R32(0402_R)
Added Component: Designator=R33(0402_R)
Added Component: Designator=R34(0402_R)
Added Component: Designator=R35(0402_R)
Added Component: Designator=R36(0402_R)
Added Component: Designator=R37(0402_R)
Added Component: Designator=R38(0402_R)
Added Component: Designator=R39(0402_R)
Added Component: Designator=R40(0402_R)
Added Component: Designator=R41(0402_R)
Added Component: Designator=R42(0402_R)
Added Component: Designator=R43(0402_R)
Added Component: Designator=R44(0402_R)
Added Component: Designator=R45(0402_R)
Added Component: Designator=R46(0402_R)
Added Component: Designator=R47(0402_R)
Added Component: Designator=R48(0402_R)
Added Component: Designator=R49(0402_R)
Added Component: Designator=R50(0402_R)
Added Component: Designator=R51(0402_R)
Added Component: Designator=SW1(SW-TH_KH-BM2.54-1P)
Added Component: Designator=SW2(SW-TH_KH-BM2.54-1P)
Added Component: Designator=SW3(SW-TH_KH-BM2.54-1P)
Added Component: Designator=TP1(TP_1X1MM)
Added Component: Designator=TP2(TP_1X1MM)
Added Component: Designator=TP3(TP_1X1MM)
Added Component: Designator=TP4(TP_1X1MM)
Added Component: Designator=TP5(TP_1X1MM)
Added Component: Designator=TP6(TP_1X1MM)
Added Component: Designator=TP7(TP_1X1MM)
Added Component: Designator=TP8(TP_1X1MM)
Added Component: Designator=TP9(TP_1X1MM)
Added Component: Designator=TP10(TP_1X1MM)
Added Component: Designator=TP11(TP_1X1MM)
Added Component: Designator=TP12(TP_1X1MM)
Added Component: Designator=U1(TSSOP-16_L5.0-W4.4-P0.65-LS6.4-BL)
Added Component: Designator=U2(TSSOP-16_L5.0-W4.4-P0.65-LS6.4-BL)
Added Component: Designator=U3(MSOP-10_L3.0-W3.0-P0.50-LS5.0-BL)
Added Component: Designator=U4(MSOP-10_L3.0-W3.0-P0.50-LS5.0-BL)
Added Component: Designator=U5(MSOP-10_L3.0-W3.0-P0.50-LS5.0-BL)
Added Component: Designator=U6(MSOP-10_L3.0-W3.0-P0.50-LS5.0-BL)
Added Component: Designator=U7(LQFP48_N)
Added Component: Designator=U8(SOP-14_L8.6-W3.9-P1.27-LS6.0-BL)
Added Component: Designator=U9(MSOP-10_L3.0-W3.0-P0.50-LS5.0-BL)
Added Component: Designator=U10(MSOP-10_L3.0-W3.0-P0.50-LS5.0-BL)
Added Component: Designator=U11(MSOP-10_L3.0-W3.0-P0.50-LS5.0-BL)
Added Component: Designator=U12(MSOP-10_L3.0-W3.0-P0.50-LS5.0-BL)
Added Component: Designator=U13(SOIC-8_L5.0-W4.0-P1.27-LS6.0-BL)
Added Component: Designator=U14(SOP-8_L5.0-W4.0-P1.27-LS6.0-BL)
Added Component: Designator=U15(OLED 0.91)
Added Component: Designator=U16(SOT-223_L6.5-W3.5-P2.30-LS7.0-BR)
Added Component: Designator=U17(SOT-23-6_L2.9-W1.6-P0.95-LS2.8-BR)
Added Component: Designator=U18(ESOP-10_L4.9-W3.9-P1.00-LS6.2-BL-EP)
Added Component: Designator=USB1(TYPE-C16PIN)
Added Component: Designator=USB_PD_POWER1(TYPE-C16PIN)
Added Component: Designator=Y1(3225)
Added Pin To Net: NetName=1C Pin=C1-1
Added Pin To Net: NetName=1C Pin=C2-1
Added Pin To Net: NetName=1C Pin=C3-1
Added Pin To Net: NetName=1C Pin=C4-1
Added Pin To Net: NetName=1C Pin=C5-1
Added Pin To Net: NetName=1C Pin=C6-1
Added Pin To Net: NetName=1C Pin=C21-1
Added Pin To Net: NetName=1C Pin=C22-1
Added Pin To Net: NetName=1C Pin=C23-1
Added Pin To Net: NetName=1C Pin=C24-1
Added Pin To Net: NetName=1C Pin=C30-2
Added Pin To Net: NetName=1C Pin=C31-2
Added Pin To Net: NetName=1C Pin=R1-1
Added Pin To Net: NetName=1C Pin=R3-1
Added Pin To Net: NetName=1C Pin=R4-1
Added Pin To Net: NetName=1C Pin=R43-2
Added Pin To Net: NetName=1C Pin=R44-2
Added Pin To Net: NetName=1C Pin=TP10-1
Added Pin To Net: NetName=1C Pin=U1-3
Added Pin To Net: NetName=1C Pin=U1-16
Added Pin To Net: NetName=1C Pin=U2-3
Added Pin To Net: NetName=1C Pin=U2-16
Added Pin To Net: NetName=1C Pin=U3-10
Added Pin To Net: NetName=1C Pin=U4-10
Added Pin To Net: NetName=1C Pin=U5-10
Added Pin To Net: NetName=1C Pin=U6-10
Added Pin To Net: NetName=1C Pin=U9-10
Added Pin To Net: NetName=1C Pin=U10-10
Added Pin To Net: NetName=1C Pin=U11-10
Added Pin To Net: NetName=1C Pin=U12-10
Added Pin To Net: NetName=1C Pin=U15-2
Added Pin To Net: NetName=1C Pin=U16-2
Added Pin To Net: NetName=1C Pin=U16-4
Added Net: Name=1C
Added Pin To Net: NetName=3V3_MCU Pin=C9-1
Added Pin To Net: NetName=3V3_MCU Pin=C10-1
Added Pin To Net: NetName=3V3_MCU Pin=C12-1
Added Pin To Net: NetName=3V3_MCU Pin=C13-1
Added Pin To Net: NetName=3V3_MCU Pin=FB1-1
Added Pin To Net: NetName=3V3_MCU Pin=P5-4
Added Pin To Net: NetName=3V3_MCU Pin=R1-2
Added Pin To Net: NetName=3V3_MCU Pin=R2-2
Added Pin To Net: NetName=3V3_MCU Pin=U7-1
Added Pin To Net: NetName=3V3_MCU Pin=U7-24
Added Pin To Net: NetName=3V3_MCU Pin=U7-36
Added Pin To Net: NetName=3V3_MCU Pin=U7-48
Added Net: Name=3V3_MCU
Added Pin To Net: NetName=ADC0 Pin=P3-1
Added Pin To Net: NetName=ADC0 Pin=TP1-1
Added Pin To Net: NetName=ADC0 Pin=U7-10
Added Net: Name=ADC0
Added Pin To Net: NetName=ADC1 Pin=C17-2
Added Pin To Net: NetName=ADC1 Pin=R8-2
Added Pin To Net: NetName=ADC1 Pin=TP6-1
Added Pin To Net: NetName=ADC1 Pin=U7-11
Added Net: Name=ADC1
Added Pin To Net: NetName=ADC2 Pin=C18-2
Added Pin To Net: NetName=ADC2 Pin=R10-2
Added Pin To Net: NetName=ADC2 Pin=TP7-1
Added Pin To Net: NetName=ADC2 Pin=U7-12
Added Net: Name=ADC2
Added Pin To Net: NetName=ADC3 Pin=C19-2
Added Pin To Net: NetName=ADC3 Pin=R15-2
Added Pin To Net: NetName=ADC3 Pin=TP8-1
Added Pin To Net: NetName=ADC3 Pin=U7-13
Added Net: Name=ADC3
Added Pin To Net: NetName=ADC4 Pin=C20-2
Added Pin To Net: NetName=ADC4 Pin=R16-2
Added Pin To Net: NetName=ADC4 Pin=TP9-1
Added Pin To Net: NetName=ADC4 Pin=U7-14
Added Net: Name=ADC4
Added Pin To Net: NetName=AGND Pin=C16-2
Added Pin To Net: NetName=AGND Pin=C17-1
Added Pin To Net: NetName=AGND Pin=C18-1
Added Pin To Net: NetName=AGND Pin=C19-1
Added Pin To Net: NetName=AGND Pin=C20-1
Added Pin To Net: NetName=AGND Pin=C22-2
Added Pin To Net: NetName=AGND Pin=C23-2
Added Pin To Net: NetName=AGND Pin=C24-2
Added Pin To Net: NetName=AGND Pin=P3-2
Added Pin To Net: NetName=AGND Pin=R7-1
Added Pin To Net: NetName=AGND Pin=R9-1
Added Pin To Net: NetName=AGND Pin=R13-1
Added Pin To Net: NetName=AGND Pin=R14-1
Added Pin To Net: NetName=AGND Pin=R17-2
Added Pin To Net: NetName=AGND Pin=R19-1
Added Pin To Net: NetName=AGND Pin=R20-1
Added Pin To Net: NetName=AGND Pin=R21-1
Added Pin To Net: NetName=AGND Pin=R23-2
Added Pin To Net: NetName=AGND Pin=R24-2
Added Pin To Net: NetName=AGND Pin=R25-2
Added Pin To Net: NetName=AGND Pin=R27-2
Added Pin To Net: NetName=AGND Pin=R28-2
Added Pin To Net: NetName=AGND Pin=R29-2
Added Pin To Net: NetName=AGND Pin=R31-2
Added Pin To Net: NetName=AGND Pin=R32-2
Added Pin To Net: NetName=AGND Pin=R33-2
Added Pin To Net: NetName=AGND Pin=U1-7
Added Pin To Net: NetName=AGND Pin=U1-8
Added Pin To Net: NetName=AGND Pin=U2-7
Added Pin To Net: NetName=AGND Pin=U2-8
Added Pin To Net: NetName=AGND Pin=U3-4
Added Pin To Net: NetName=AGND Pin=U3-5
Added Pin To Net: NetName=AGND Pin=U4-4
Added Pin To Net: NetName=AGND Pin=U4-5
Added Pin To Net: NetName=AGND Pin=U5-4
Added Pin To Net: NetName=AGND Pin=U5-5
Added Pin To Net: NetName=AGND Pin=U6-4
Added Pin To Net: NetName=AGND Pin=U6-5
Added Pin To Net: NetName=AGND Pin=U8-11
Added Pin To Net: NetName=AGND Pin=U10-4
Added Pin To Net: NetName=AGND Pin=U10-5
Added Pin To Net: NetName=AGND Pin=U11-4
Added Pin To Net: NetName=AGND Pin=U11-5
Added Pin To Net: NetName=AGND Pin=U12-4
Added Pin To Net: NetName=AGND Pin=U12-5
Added Net: Name=AGND
Added Pin To Net: NetName=C1 Pin=P2-1
Added Pin To Net: NetName=C1 Pin=U1-13
Added Net: Name=C1
Added Pin To Net: NetName=C2 Pin=P2-2
Added Pin To Net: NetName=C2 Pin=U1-14
Added Net: Name=C2
Added Pin To Net: NetName=C3 Pin=P2-3
Added Pin To Net: NetName=C3 Pin=U1-15
Added Net: Name=C3
Added Pin To Net: NetName=C4 Pin=P2-4
Added Pin To Net: NetName=C4 Pin=U1-12
Added Net: Name=C4
Added Pin To Net: NetName=C5 Pin=P2-5
Added Pin To Net: NetName=C5 Pin=U1-1
Added Net: Name=C5
Added Pin To Net: NetName=C6 Pin=P2-6
Added Pin To Net: NetName=C6 Pin=U1-5
Added Net: Name=C6
Added Pin To Net: NetName=C7 Pin=P2-7
Added Pin To Net: NetName=C7 Pin=U1-2
Added Net: Name=C7
Added Pin To Net: NetName=C8 Pin=P2-8
Added Pin To Net: NetName=C8 Pin=U1-4
Added Net: Name=C8
Added Pin To Net: NetName=C9 Pin=P2-9
Added Pin To Net: NetName=C9 Pin=U2-13
Added Net: Name=C9
Added Pin To Net: NetName=C10 Pin=P2-10
Added Pin To Net: NetName=C10 Pin=U2-14
Added Net: Name=C10
Added Pin To Net: NetName=C11 Pin=P2-11
Added Pin To Net: NetName=C11 Pin=U2-15
Added Net: Name=C11
Added Pin To Net: NetName=C12 Pin=P2-12
Added Pin To Net: NetName=C12 Pin=U2-12
Added Net: Name=C12
Added Pin To Net: NetName=C13 Pin=P2-13
Added Pin To Net: NetName=C13 Pin=U2-1
Added Net: Name=C13
Added Pin To Net: NetName=C14 Pin=P2-14
Added Pin To Net: NetName=C14 Pin=U2-5
Added Net: Name=C14
Added Pin To Net: NetName=C15 Pin=P2-15
Added Pin To Net: NetName=C15 Pin=U2-2
Added Net: Name=C15
Added Pin To Net: NetName=C16 Pin=P2-16
Added Pin To Net: NetName=C16 Pin=U2-4
Added Net: Name=C16
Added Pin To Net: NetName=C_A_CONTROL Pin=SW2-1
Added Pin To Net: NetName=C_A_CONTROL Pin=U7-27
Added Net: Name=C_A_CONTROL
Added Pin To Net: NetName=C_A Pin=U3-7
Added Pin To Net: NetName=C_A Pin=U4-7
Added Pin To Net: NetName=C_A Pin=U5-7
Added Pin To Net: NetName=C_A Pin=U6-7
Added Pin To Net: NetName=C_A Pin=U7-41
Added Net: Name=C_A
Added Pin To Net: NetName=C_B_CONTROL Pin=SW3-1
Added Pin To Net: NetName=C_B_CONTROL Pin=U7-28
Added Net: Name=C_B_CONTROL
Added Pin To Net: NetName=C_B Pin=U3-6
Added Pin To Net: NetName=C_B Pin=U4-6
Added Pin To Net: NetName=C_B Pin=U5-6
Added Pin To Net: NetName=C_B Pin=U6-6
Added Pin To Net: NetName=C_B Pin=U7-45
Added Net: Name=C_B
Added Pin To Net: NetName=CAN_N Pin=P6-2
Added Pin To Net: NetName=CAN_N Pin=P7-2
Added Pin To Net: NetName=CAN_N Pin=Q1-2
Added Pin To Net: NetName=CAN_N Pin=SW1-2
Added Pin To Net: NetName=CAN_N Pin=U13-6
Added Net: Name=CAN_N
Added Pin To Net: NetName=CAN_P Pin=P6-1
Added Pin To Net: NetName=CAN_P Pin=P7-1
Added Pin To Net: NetName=CAN_P Pin=Q1-1
Added Pin To Net: NetName=CAN_P Pin=R36-2
Added Pin To Net: NetName=CAN_P Pin=U13-7
Added Net: Name=CAN_P
Added Pin To Net: NetName=CAN_RXD Pin=U7-32
Added Pin To Net: NetName=CAN_RXD Pin=U13-4
Added Net: Name=CAN_RXD
Added Pin To Net: NetName=CAN_TXD Pin=U7-33
Added Pin To Net: NetName=CAN_TXD Pin=U13-1
Added Net: Name=CAN_TXD
Added Pin To Net: NetName=CC1 Pin=U18-7
Added Pin To Net: NetName=CC1 Pin=USB_PD_POWER1-A5
Added Net: Name=CC1
Added Pin To Net: NetName=CC2 Pin=U18-6
Added Pin To Net: NetName=CC2 Pin=USB_PD_POWER1-B5
Added Net: Name=CC2
Added Pin To Net: NetName=CH340_D+ Pin=R41-1
Added Pin To Net: NetName=CH340_D+ Pin=U14-1
Added Net: Name=CH340_D+
Added Pin To Net: NetName=CH340_D- Pin=R42-1
Added Pin To Net: NetName=CH340_D- Pin=U14-2
Added Net: Name=CH340_D-
Added Pin To Net: NetName=D_M Pin=U18-5
Added Pin To Net: NetName=D_M Pin=USB_PD_POWER1-A7
Added Pin To Net: NetName=D_M Pin=USB_PD_POWER1-B7
Added Net: Name=D_M
Added Pin To Net: NetName=D_P Pin=U18-4
Added Pin To Net: NetName=D_P Pin=USB_PD_POWER1-A6
Added Pin To Net: NetName=D_P Pin=USB_PD_POWER1-B6
Added Net: Name=D_P
Added Pin To Net: NetName=GND Pin=C1-2
Added Pin To Net: NetName=GND Pin=C2-2
Added Pin To Net: NetName=GND Pin=C3-2
Added Pin To Net: NetName=GND Pin=C4-2
Added Pin To Net: NetName=GND Pin=C5-2
Added Pin To Net: NetName=GND Pin=C6-2
Added Pin To Net: NetName=GND Pin=C7-1
Added Pin To Net: NetName=GND Pin=C8-2
Added Pin To Net: NetName=GND Pin=C9-2
Added Pin To Net: NetName=GND Pin=C10-2
Added Pin To Net: NetName=GND Pin=C11-2
Added Pin To Net: NetName=GND Pin=C12-2
Added Pin To Net: NetName=GND Pin=C13-2
Added Pin To Net: NetName=GND Pin=C14-2
Added Pin To Net: NetName=GND Pin=C15-2
Added Pin To Net: NetName=GND Pin=C21-2
Added Pin To Net: NetName=GND Pin=C25-1
Added Pin To Net: NetName=GND Pin=C26-2
Added Pin To Net: NetName=GND Pin=C27-1
Added Pin To Net: NetName=GND Pin=C28-1
Added Pin To Net: NetName=GND Pin=C30-1
Added Pin To Net: NetName=GND Pin=C31-1
Added Pin To Net: NetName=GND Pin=C32-1
Added Pin To Net: NetName=GND Pin=C33-1
Added Pin To Net: NetName=GND Pin=C34-1
Added Pin To Net: NetName=GND Pin=C35-1
Added Pin To Net: NetName=GND Pin=C36-2
Added Pin To Net: NetName=GND Pin=D4-1
Added Pin To Net: NetName=GND Pin=DC1-2
Added Pin To Net: NetName=GND Pin=DC1-3
Added Pin To Net: NetName=GND Pin=DC1-3
Added Pin To Net: NetName=GND Pin=DC1-3
Added Pin To Net: NetName=GND Pin=DC1-3
Added Pin To Net: NetName=GND Pin=P4-2
Added Pin To Net: NetName=GND Pin=P5-1
Added Pin To Net: NetName=GND Pin=P6-3
Added Pin To Net: NetName=GND Pin=P7-3
Added Pin To Net: NetName=GND Pin=Q1-3
Added Pin To Net: NetName=GND Pin=R17-1
Added Pin To Net: NetName=GND Pin=R18-1
Added Pin To Net: NetName=GND Pin=R22-2
Added Pin To Net: NetName=GND Pin=R26-2
Added Pin To Net: NetName=GND Pin=R30-2
Added Pin To Net: NetName=GND Pin=R35-2
Added Pin To Net: NetName=GND Pin=R37-2
Added Pin To Net: NetName=GND Pin=R40-2
Added Pin To Net: NetName=GND Pin=R46-1
Added Pin To Net: NetName=GND Pin=R48-1
Added Pin To Net: NetName=GND Pin=R49-2
Added Pin To Net: NetName=GND Pin=SW2-2
Added Pin To Net: NetName=GND Pin=SW3-2
Added Pin To Net: NetName=GND Pin=TP5-1
Added Pin To Net: NetName=GND Pin=TP12-1
Added Pin To Net: NetName=GND Pin=U7-8
Added Pin To Net: NetName=GND Pin=U7-23
Added Pin To Net: NetName=GND Pin=U7-35
Added Pin To Net: NetName=GND Pin=U7-44
Added Pin To Net: NetName=GND Pin=U7-47
Added Pin To Net: NetName=GND Pin=U9-4
Added Pin To Net: NetName=GND Pin=U9-5
Added Pin To Net: NetName=GND Pin=U13-2
Added Pin To Net: NetName=GND Pin=U14-3
Added Pin To Net: NetName=GND Pin=U15-1
Added Pin To Net: NetName=GND Pin=U16-1
Added Pin To Net: NetName=GND Pin=U17-2
Added Pin To Net: NetName=GND Pin=U18-11
Added Pin To Net: NetName=GND Pin=USB1-1
Added Pin To Net: NetName=GND Pin=USB1-2
Added Pin To Net: NetName=GND Pin=USB1-3
Added Pin To Net: NetName=GND Pin=USB1-4
Added Pin To Net: NetName=GND Pin=USB1-A1B12
Added Pin To Net: NetName=GND Pin=USB1-B1A12
Added Pin To Net: NetName=GND Pin=USB_PD_POWER1-1
Added Pin To Net: NetName=GND Pin=USB_PD_POWER1-2
Added Pin To Net: NetName=GND Pin=USB_PD_POWER1-3
Added Pin To Net: NetName=GND Pin=USB_PD_POWER1-4
Added Pin To Net: NetName=GND Pin=USB_PD_POWER1-A1B12
Added Pin To Net: NetName=GND Pin=USB_PD_POWER1-B1A12
Added Pin To Net: NetName=GND Pin=Y1-2
Added Pin To Net: NetName=GND Pin=Y1-4
Added Net: Name=GND
Added Pin To Net: NetName=IN_CH1+ Pin=U3-9
Added Pin To Net: NetName=IN_CH1+ Pin=U8-3
Added Pin To Net: NetName=IN_CH1+ Pin=U9-9
Added Net: Name=IN_CH1+
Added Pin To Net: NetName=IN_CH2+ Pin=U4-9
Added Pin To Net: NetName=IN_CH2+ Pin=U8-5
Added Pin To Net: NetName=IN_CH2+ Pin=U10-9
Added Net: Name=IN_CH2+
Added Pin To Net: NetName=IN_CH3+ Pin=U5-9
Added Pin To Net: NetName=IN_CH3+ Pin=U8-10
Added Pin To Net: NetName=IN_CH3+ Pin=U11-9
Added Net: Name=IN_CH3+
Added Pin To Net: NetName=IN_CH4+ Pin=U6-9
Added Pin To Net: NetName=IN_CH4+ Pin=U8-12
Added Pin To Net: NetName=IN_CH4+ Pin=U12-9
Added Net: Name=IN_CH4+
Added Pin To Net: NetName=LEN_GREEN Pin=D1-K
Added Pin To Net: NetName=LEN_GREEN Pin=U7-17
Added Net: Name=LEN_GREEN
Added Pin To Net: NetName=M_A Pin=U7-46
Added Pin To Net: NetName=M_A Pin=U9-7
Added Pin To Net: NetName=M_A Pin=U10-7
Added Pin To Net: NetName=M_A Pin=U11-7
Added Pin To Net: NetName=M_A Pin=U12-7
Added Net: Name=M_A
Added Pin To Net: NetName=M_B Pin=U7-21
Added Pin To Net: NetName=M_B Pin=U9-6
Added Pin To Net: NetName=M_B Pin=U10-6
Added Pin To Net: NetName=M_B Pin=U11-6
Added Pin To Net: NetName=M_B Pin=U12-6
Added Net: Name=M_B
Added Pin To Net: NetName=NetC8_1 Pin=C8-1
Added Pin To Net: NetName=NetC8_1 Pin=FB1-2
Added Pin To Net: NetName=NetC8_1 Pin=U7-9
Added Net: Name=NetC8_1
Added Pin To Net: NetName=NetC11_1 Pin=C11-1
Added Pin To Net: NetName=NetC11_1 Pin=R2-1
Added Pin To Net: NetName=NetC11_1 Pin=TP4-1
Added Pin To Net: NetName=NetC11_1 Pin=U7-7
Added Net: Name=NetC11_1
Added Pin To Net: NetName=NetC16_1 Pin=C16-1
Added Pin To Net: NetName=NetC16_1 Pin=R4-2
Added Pin To Net: NetName=NetC16_1 Pin=U8-4
Added Net: Name=NetC16_1
Added Pin To Net: NetName=NetC26_1 Pin=C26-1
Added Pin To Net: NetName=NetC26_1 Pin=U14-8
Added Net: Name=NetC26_1
Added Pin To Net: NetName=NetC29_1 Pin=C29-1
Added Pin To Net: NetName=NetC29_1 Pin=U17-1
Added Net: Name=NetC29_1
Added Pin To Net: NetName=NetC29_2 Pin=C29-2
Added Pin To Net: NetName=NetC29_2 Pin=L1-1
Added Pin To Net: NetName=NetC29_2 Pin=U17-6
Added Net: Name=NetC29_2
Added Pin To Net: NetName=NetC36_1 Pin=C36-1
Added Pin To Net: NetName=NetC36_1 Pin=R50-1
Added Pin To Net: NetName=NetC36_1 Pin=U18-1
Added Net: Name=NetC36_1
Added Pin To Net: NetName=NetD1_A Pin=D1-A
Added Pin To Net: NetName=NetD1_A Pin=R3-2
Added Net: Name=NetD1_A
Added Pin To Net: NetName=NetD2_1 Pin=D2-1
Added Pin To Net: NetName=NetD2_1 Pin=USB1-A4B9
Added Pin To Net: NetName=NetD2_1 Pin=USB1-B4A9
Added Net: Name=NetD2_1
Added Pin To Net: NetName=NetD2_2 Pin=D2-2
Added Pin To Net: NetName=NetD2_2 Pin=F1-2
Added Net: Name=NetD2_2
Added Pin To Net: NetName=NetD3_2 Pin=D3-2
Added Pin To Net: NetName=NetD3_2 Pin=D4-2
Added Pin To Net: NetName=NetD3_2 Pin=F2-2
Added Net: Name=NetD3_2
Added Pin To Net: NetName=NetR5_1 Pin=R5-1
Added Pin To Net: NetName=NetR5_1 Pin=R7-2
Added Pin To Net: NetName=NetR5_1 Pin=U8-2
Added Net: Name=NetR5_1
Added Pin To Net: NetName=NetR5_2 Pin=R5-2
Added Pin To Net: NetName=NetR5_2 Pin=R8-1
Added Pin To Net: NetName=NetR5_2 Pin=U8-1
Added Net: Name=NetR5_2
Added Pin To Net: NetName=NetR6_1 Pin=R6-1
Added Pin To Net: NetName=NetR6_1 Pin=R9-2
Added Pin To Net: NetName=NetR6_1 Pin=U8-6
Added Net: Name=NetR6_1
Added Pin To Net: NetName=NetR6_2 Pin=R6-2
Added Pin To Net: NetName=NetR6_2 Pin=R10-1
Added Pin To Net: NetName=NetR6_2 Pin=U8-7
Added Net: Name=NetR6_2
Added Pin To Net: NetName=NetR11_1 Pin=R11-1
Added Pin To Net: NetName=NetR11_1 Pin=R13-2
Added Pin To Net: NetName=NetR11_1 Pin=U8-9
Added Net: Name=NetR11_1
Added Pin To Net: NetName=NetR11_2 Pin=R11-2
Added Pin To Net: NetName=NetR11_2 Pin=R15-1
Added Pin To Net: NetName=NetR11_2 Pin=U8-8
Added Net: Name=NetR11_2
Added Pin To Net: NetName=NetR12_1 Pin=R12-1
Added Pin To Net: NetName=NetR12_1 Pin=R14-2
Added Pin To Net: NetName=NetR12_1 Pin=U8-13
Added Net: Name=NetR12_1
Added Pin To Net: NetName=NetR12_2 Pin=R12-2
Added Pin To Net: NetName=NetR12_2 Pin=R16-1
Added Pin To Net: NetName=NetR12_2 Pin=U8-14
Added Net: Name=NetR12_2
Added Pin To Net: NetName=NetR18_2 Pin=R18-2
Added Pin To Net: NetName=NetR18_2 Pin=U9-1
Added Net: Name=NetR18_2
Added Pin To Net: NetName=NetR19_2 Pin=R19-2
Added Pin To Net: NetName=NetR19_2 Pin=U10-1
Added Net: Name=NetR19_2
Added Pin To Net: NetName=NetR20_2 Pin=R20-2
Added Pin To Net: NetName=NetR20_2 Pin=U11-1
Added Net: Name=NetR20_2
Added Pin To Net: NetName=NetR21_2 Pin=R21-2
Added Pin To Net: NetName=NetR21_2 Pin=U12-1
Added Net: Name=NetR21_2
Added Pin To Net: NetName=NetR22_1 Pin=R22-1
Added Pin To Net: NetName=NetR22_1 Pin=U9-2
Added Net: Name=NetR22_1
Added Pin To Net: NetName=NetR23_1 Pin=R23-1
Added Pin To Net: NetName=NetR23_1 Pin=U10-2
Added Net: Name=NetR23_1
Added Pin To Net: NetName=NetR24_1 Pin=R24-1
Added Pin To Net: NetName=NetR24_1 Pin=U11-2
Added Net: Name=NetR24_1
Added Pin To Net: NetName=NetR25_1 Pin=R25-1
Added Pin To Net: NetName=NetR25_1 Pin=U12-2
Added Net: Name=NetR25_1
Added Pin To Net: NetName=NetR26_1 Pin=R26-1
Added Pin To Net: NetName=NetR26_1 Pin=U9-3
Added Net: Name=NetR26_1
Added Pin To Net: NetName=NetR27_1 Pin=R27-1
Added Pin To Net: NetName=NetR27_1 Pin=U10-3
Added Net: Name=NetR27_1
Added Pin To Net: NetName=NetR28_1 Pin=R28-1
Added Pin To Net: NetName=NetR28_1 Pin=U11-3
Added Net: Name=NetR28_1
Added Pin To Net: NetName=NetR29_1 Pin=R29-1
Added Pin To Net: NetName=NetR29_1 Pin=U12-3
Added Net: Name=NetR29_1
Added Pin To Net: NetName=NetR30_1 Pin=R30-1
Added Pin To Net: NetName=NetR30_1 Pin=U9-8
Added Net: Name=NetR30_1
Added Pin To Net: NetName=NetR31_1 Pin=R31-1
Added Pin To Net: NetName=NetR31_1 Pin=U10-8
Added Net: Name=NetR31_1
Added Pin To Net: NetName=NetR32_1 Pin=R32-1
Added Pin To Net: NetName=NetR32_1 Pin=U11-8
Added Net: Name=NetR32_1
Added Pin To Net: NetName=NetR33_1 Pin=R33-1
Added Pin To Net: NetName=NetR33_1 Pin=U12-8
Added Net: Name=NetR33_1
Added Pin To Net: NetName=NetR35_1 Pin=R35-1
Added Pin To Net: NetName=NetR35_1 Pin=U13-8
Added Net: Name=NetR35_1
Added Pin To Net: NetName=NetR36_1 Pin=R36-1
Added Pin To Net: NetName=NetR36_1 Pin=SW1-1
Added Net: Name=NetR36_1
Added Pin To Net: NetName=NetR37_1 Pin=R37-1
Added Pin To Net: NetName=NetR37_1 Pin=USB1-A5
Added Net: Name=NetR37_1
Added Pin To Net: NetName=NetR38_1 Pin=R38-1
Added Pin To Net: NetName=NetR38_1 Pin=U14-7
Added Net: Name=NetR38_1
Added Pin To Net: NetName=NetR39_1 Pin=R39-1
Added Pin To Net: NetName=NetR39_1 Pin=U14-6
Added Net: Name=NetR39_1
Added Pin To Net: NetName=NetR40_1 Pin=R40-1
Added Pin To Net: NetName=NetR40_1 Pin=USB1-B5
Added Net: Name=NetR40_1
Added Pin To Net: NetName=NetR41_2 Pin=R41-2
Added Pin To Net: NetName=NetR41_2 Pin=USB1-A6
Added Pin To Net: NetName=NetR41_2 Pin=USB1-B6
Added Net: Name=NetR41_2
Added Pin To Net: NetName=NetR42_2 Pin=R42-2
Added Pin To Net: NetName=NetR42_2 Pin=USB1-A7
Added Pin To Net: NetName=NetR42_2 Pin=USB1-B7
Added Net: Name=NetR42_2
Added Pin To Net: NetName=NetR45_2 Pin=R45-2
Added Pin To Net: NetName=NetR45_2 Pin=R48-2
Added Pin To Net: NetName=NetR45_2 Pin=U17-4
Added Net: Name=NetR45_2
Added Pin To Net: NetName=NetR46_2 Pin=R46-2
Added Pin To Net: NetName=NetR46_2 Pin=R47-1
Added Pin To Net: NetName=NetR46_2 Pin=U17-3
Added Net: Name=NetR46_2
Added Pin To Net: NetName=NetR49_1 Pin=R49-1
Added Pin To Net: NetName=NetR49_1 Pin=U18-9
Added Net: Name=NetR49_1
Added Pin To Net: NetName=NetR51_1 Pin=R51-1
Added Pin To Net: NetName=NetR51_1 Pin=U18-8
Added Net: Name=NetR51_1
Added Pin To Net: NetName=OSC_IN Pin=C15-1
Added Pin To Net: NetName=OSC_IN Pin=U7-5
Added Pin To Net: NetName=OSC_IN Pin=Y1-1
Added Net: Name=OSC_IN
Added Pin To Net: NetName=OSC_OUT Pin=C14-1
Added Pin To Net: NetName=OSC_OUT Pin=U7-6
Added Pin To Net: NetName=OSC_OUT Pin=Y1-3
Added Net: Name=OSC_OUT
Added Pin To Net: NetName=PA9(USART0_TXD) Pin=P4-4
Added Pin To Net: NetName=PA9(USART0_TXD) Pin=R38-2
Added Pin To Net: NetName=PA9(USART0_TXD) Pin=U7-30
Added Net: Name=PA9(USART0_TXD)
Added Pin To Net: NetName=PA10(USART0_RXD) Pin=P4-3
Added Pin To Net: NetName=PA10(USART0_RXD) Pin=R39-2
Added Pin To Net: NetName=PA10(USART0_RXD) Pin=U7-31
Added Net: Name=PA10(USART0_RXD)
Added Pin To Net: NetName=R1 Pin=P1-1
Added Pin To Net: NetName=R1 Pin=U3-8
Added Net: Name=R1
Added Pin To Net: NetName=R2 Pin=P1-2
Added Pin To Net: NetName=R2 Pin=U3-3
Added Net: Name=R2
Added Pin To Net: NetName=R3 Pin=P1-3
Added Pin To Net: NetName=R3 Pin=U3-1
Added Net: Name=R3
Added Pin To Net: NetName=R4 Pin=P1-4
Added Pin To Net: NetName=R4 Pin=U3-2
Added Net: Name=R4
Added Pin To Net: NetName=R5 Pin=P1-5
Added Pin To Net: NetName=R5 Pin=U4-8
Added Net: Name=R5
Added Pin To Net: NetName=R6 Pin=P1-6
Added Pin To Net: NetName=R6 Pin=U4-3
Added Net: Name=R6
Added Pin To Net: NetName=R7 Pin=P1-7
Added Pin To Net: NetName=R7 Pin=U4-1
Added Net: Name=R7
Added Pin To Net: NetName=R8 Pin=P1-8
Added Pin To Net: NetName=R8 Pin=U4-2
Added Net: Name=R8
Added Pin To Net: NetName=R9 Pin=P1-9
Added Pin To Net: NetName=R9 Pin=U5-8
Added Net: Name=R9
Added Pin To Net: NetName=R10 Pin=P1-10
Added Pin To Net: NetName=R10 Pin=U5-3
Added Net: Name=R10
Added Pin To Net: NetName=R11 Pin=P1-11
Added Pin To Net: NetName=R11 Pin=U5-1
Added Net: Name=R11
Added Pin To Net: NetName=R12 Pin=P1-12
Added Pin To Net: NetName=R12 Pin=U5-2
Added Net: Name=R12
Added Pin To Net: NetName=R13 Pin=P1-13
Added Pin To Net: NetName=R13 Pin=U6-8
Added Net: Name=R13
Added Pin To Net: NetName=R14 Pin=P1-14
Added Pin To Net: NetName=R14 Pin=U6-3
Added Net: Name=R14
Added Pin To Net: NetName=R15 Pin=P1-15
Added Pin To Net: NetName=R15 Pin=U6-1
Added Net: Name=R15
Added Pin To Net: NetName=R16 Pin=P1-16
Added Pin To Net: NetName=R16 Pin=U6-2
Added Net: Name=R16
Added Pin To Net: NetName=R_A1 Pin=U1-11
Added Pin To Net: NetName=R_A1 Pin=U2-11
Added Pin To Net: NetName=R_A1 Pin=U7-18
Added Net: Name=R_A1
Added Pin To Net: NetName=R_B1 Pin=U1-10
Added Pin To Net: NetName=R_B1 Pin=U2-10
Added Pin To Net: NetName=R_B1 Pin=U7-19
Added Net: Name=R_B1
Added Pin To Net: NetName=R_C1 Pin=U1-9
Added Pin To Net: NetName=R_C1 Pin=U2-9
Added Pin To Net: NetName=R_C1 Pin=U7-20
Added Net: Name=R_C1
Added Pin To Net: NetName=R_EN1 Pin=U1-6
Added Pin To Net: NetName=R_EN1 Pin=U7-39
Added Net: Name=R_EN1
Added Pin To Net: NetName=R_EN2 Pin=U2-6
Added Pin To Net: NetName=R_EN2 Pin=U7-40
Added Net: Name=R_EN2
Added Pin To Net: NetName=SCL Pin=R44-1
Added Pin To Net: NetName=SCL Pin=TP2-1
Added Pin To Net: NetName=SCL Pin=U7-42
Added Pin To Net: NetName=SCL Pin=U15-3
Added Net: Name=SCL
Added Pin To Net: NetName=SDA Pin=R43-1
Added Pin To Net: NetName=SDA Pin=TP3-1
Added Pin To Net: NetName=SDA Pin=U7-43
Added Pin To Net: NetName=SDA Pin=U15-4
Added Net: Name=SDA
Added Pin To Net: NetName=SWCLK Pin=P5-2
Added Pin To Net: NetName=SWCLK Pin=U7-37
Added Net: Name=SWCLK
Added Pin To Net: NetName=SWDIO Pin=P5-3
Added Pin To Net: NetName=SWDIO Pin=U7-34
Added Net: Name=SWDIO
Added Pin To Net: NetName=VBUS Pin=DC1-1
Added Pin To Net: NetName=VBUS Pin=F2-1
Added Pin To Net: NetName=VBUS Pin=P6-4
Added Pin To Net: NetName=VBUS Pin=P7-4
Added Pin To Net: NetName=VBUS Pin=R50-2
Added Pin To Net: NetName=VBUS Pin=R51-2
Added Pin To Net: NetName=VBUS Pin=USB_PD_POWER1-A4B9
Added Pin To Net: NetName=VBUS Pin=USB_PD_POWER1-B4A9
Added Net: Name=VBUS
Added Pin To Net: NetName=VCC_5V Pin=C27-2
Added Pin To Net: NetName=VCC_5V Pin=C28-2
Added Pin To Net: NetName=VCC_5V Pin=C32-2
Added Pin To Net: NetName=VCC_5V Pin=C33-2
Added Pin To Net: NetName=VCC_5V Pin=C35-2
Added Pin To Net: NetName=VCC_5V Pin=F1-1
Added Pin To Net: NetName=VCC_5V Pin=L1-2
Added Pin To Net: NetName=VCC_5V Pin=P3-3
Added Pin To Net: NetName=VCC_5V Pin=P4-1
Added Pin To Net: NetName=VCC_5V Pin=R34-1
Added Pin To Net: NetName=VCC_5V Pin=R47-2
Added Pin To Net: NetName=VCC_5V Pin=TP11-1
Added Pin To Net: NetName=VCC_5V Pin=U14-5
Added Pin To Net: NetName=VCC_5V Pin=U16-3
Added Net: Name=VCC_5V
Added Pin To Net: NetName=VCC_CAN Pin=C25-2
Added Pin To Net: NetName=VCC_CAN Pin=R34-2
Added Pin To Net: NetName=VCC_CAN Pin=U13-3
Added Net: Name=VCC_CAN
Added Pin To Net: NetName=VCC_VBUS Pin=C34-2
Added Pin To Net: NetName=VCC_VBUS Pin=D3-1
Added Pin To Net: NetName=VCC_VBUS Pin=R45-1
Added Pin To Net: NetName=VCC_VBUS Pin=U17-5
Added Net: Name=VCC_VBUS
Added Class: Name=CAN
Added Class: Name=Connect
Added Class: Name=MCU
Added Class: Name=Measure
Added Class: Name=Power_
Added Class: Name=Scan
Added Differential Pair: Name=CAN
Added Room: Name=CAN
Added Room: Name=Connect
Added Room: Name=MCU
Added Room: Name=Measure
Added Room: Name=Power_
Added Room: Name=Scan
