Added Component: Designator=H1(CONN-SMD_16PINS)
Added Component: Designator=H2(CONN-SMD_16PINS)
Added Pin To Net: NetName=ADC1 Pin=C22-2
Added Pin To Net: NetName=ADC1 Pin=R20-2
Added Pin To Net: NetName=ADC1 Pin=U5-10
Added Net: Name=ADC1
Added Pin To Net: NetName=ADC2 Pin=C21-2
Added Pin To Net: NetName=ADC2 Pin=R19-2
Added Pin To Net: NetName=ADC2 Pin=U5-11
Added Net: Name=ADC2
Added Pin To Net: NetName=ADC3 Pin=C19-2
Added Pin To Net: NetName=ADC3 Pin=R12-2
Added Pin To Net: NetName=ADC3 Pin=U5-12
Added Net: Name=ADC3
Added Pin To Net: NetName=ADC4 Pin=C20-2
Added Pin To Net: NetName=ADC4 Pin=R14-2
Added Pin To Net: NetName=ADC4 Pin=U5-13
Added Net: Name=ADC4
Added Pin To Net: NetName=C1 Pin=FPC2-1
Added Pin To Net: NetName=C1 Pin=H2-1
Added Pin To Net: NetName=C1 Pin=U5-14
Added Net: Name=C1
Added Pin To Net: NetName=C2 Pin=FPC2-2
Added Pin To Net: NetName=C2 Pin=H2-2
Added Pin To Net: NetName=C2 Pin=U5-15
Added Net: Name=C2
Added Pin To Net: NetName=C3 Pin=FPC2-3
Added Pin To Net: NetName=C3 Pin=H2-3
Added Pin To Net: NetName=C3 Pin=U5-16
Added Net: Name=C3
Added Pin To Net: NetName=C4 Pin=FPC2-4
Added Pin To Net: NetName=C4 Pin=H2-4
Added Pin To Net: NetName=C4 Pin=U5-17
Added Net: Name=C4
Added Pin To Net: NetName=C5 Pin=FPC2-5
Added Pin To Net: NetName=C5 Pin=H2-5
Added Pin To Net: NetName=C5 Pin=U5-18
Added Net: Name=C5
Added Pin To Net: NetName=C6 Pin=FPC2-6
Added Pin To Net: NetName=C6 Pin=H2-6
Added Pin To Net: NetName=C6 Pin=U5-19
Added Net: Name=C6
Added Pin To Net: NetName=C7 Pin=FPC2-7
Added Pin To Net: NetName=C7 Pin=H2-7
Added Pin To Net: NetName=C7 Pin=U5-20
Added Net: Name=C7
Added Pin To Net: NetName=C8 Pin=FPC2-8
Added Pin To Net: NetName=C8 Pin=H2-8
Added Pin To Net: NetName=C8 Pin=U5-40
Added Net: Name=C8
Added Pin To Net: NetName=C9 Pin=FPC2-9
Added Pin To Net: NetName=C9 Pin=H2-9
Added Pin To Net: NetName=C9 Pin=U5-39
Added Net: Name=C9
Added Pin To Net: NetName=C10 Pin=FPC2-10
Added Pin To Net: NetName=C10 Pin=H2-10
Added Pin To Net: NetName=C10 Pin=U5-33
Added Net: Name=C10
Added Pin To Net: NetName=C11 Pin=FPC2-11
Added Pin To Net: NetName=C11 Pin=H2-11
Added Pin To Net: NetName=C11 Pin=U5-32
Added Net: Name=C11
Added Pin To Net: NetName=C12 Pin=FPC2-12
Added Pin To Net: NetName=C12 Pin=H2-12
Added Pin To Net: NetName=C12 Pin=U5-29
Added Net: Name=C12
Added Pin To Net: NetName=C13 Pin=FPC2-13
Added Pin To Net: NetName=C13 Pin=H2-13
Added Pin To Net: NetName=C13 Pin=U5-28
Added Net: Name=C13
Added Pin To Net: NetName=C14 Pin=FPC2-14
Added Pin To Net: NetName=C14 Pin=H2-14
Added Pin To Net: NetName=C14 Pin=U5-27
Added Net: Name=C14
Added Pin To Net: NetName=C15 Pin=FPC2-15
Added Pin To Net: NetName=C15 Pin=H2-15
Added Pin To Net: NetName=C15 Pin=U5-26
Added Net: Name=C15
Added Pin To Net: NetName=C16 Pin=FPC2-16
Added Pin To Net: NetName=C16 Pin=H2-16
Added Pin To Net: NetName=C16 Pin=U5-25
Added Net: Name=C16
Added Pin To Net: NetName=C_A Pin=U1-7
Added Pin To Net: NetName=C_A Pin=U2-7
Added Pin To Net: NetName=C_A Pin=U3-7
Added Pin To Net: NetName=C_A Pin=U4-7
Added Pin To Net: NetName=C_A Pin=U5-41
Added Net: Name=C_A
Added Pin To Net: NetName=C_B Pin=U1-6
Added Pin To Net: NetName=C_B Pin=U2-6
Added Pin To Net: NetName=C_B Pin=U3-6
Added Pin To Net: NetName=C_B Pin=U4-6
Added Pin To Net: NetName=C_B Pin=U5-42
Added Net: Name=C_B
Added Pin To Net: NetName=CH340_N Pin=R42-1
Added Pin To Net: NetName=CH340_N Pin=U12-2
Added Net: Name=CH340_N
Added Pin To Net: NetName=CH340_P Pin=R41-1
Added Pin To Net: NetName=CH340_P Pin=U12-1
Added Net: Name=CH340_P
Added Pin To Net: NetName=GND Pin=BLT1-1
Added Pin To Net: NetName=GND Pin=C1-2
Added Pin To Net: NetName=GND Pin=C2-2
Added Pin To Net: NetName=GND Pin=C3-2
Added Pin To Net: NetName=GND Pin=C4-2
Added Pin To Net: NetName=GND Pin=C5-2
Added Pin To Net: NetName=GND Pin=C6-2
Added Pin To Net: NetName=GND Pin=C7-1
Added Pin To Net: NetName=GND Pin=C8-2
Added Pin To Net: NetName=GND Pin=C9-2
Added Pin To Net: NetName=GND Pin=C10-2
Added Pin To Net: NetName=GND Pin=C11-2
Added Pin To Net: NetName=GND Pin=C12-2
Added Pin To Net: NetName=GND Pin=C13-2
Added Pin To Net: NetName=GND Pin=C14-1
Added Pin To Net: NetName=GND Pin=C15-1
Added Pin To Net: NetName=GND Pin=C16-1
Added Pin To Net: NetName=GND Pin=C17-1
Added Pin To Net: NetName=GND Pin=C18-2
Added Pin To Net: NetName=GND Pin=C19-1
Added Pin To Net: NetName=GND Pin=C20-1
Added Pin To Net: NetName=GND Pin=C21-1
Added Pin To Net: NetName=GND Pin=C22-1
Added Pin To Net: NetName=GND Pin=C23-2
Added Pin To Net: NetName=GND Pin=C24-2
Added Pin To Net: NetName=GND Pin=C25-2
Added Pin To Net: NetName=GND Pin=C26-2
Added Pin To Net: NetName=GND Pin=C27-2
Added Pin To Net: NetName=GND Pin=C28-1
Added Pin To Net: NetName=GND Pin=C29-1
Added Pin To Net: NetName=GND Pin=C30-1
Added Pin To Net: NetName=GND Pin=C31-1
Added Pin To Net: NetName=GND Pin=C32-1
Added Pin To Net: NetName=GND Pin=C33-1
Added Pin To Net: NetName=GND Pin=FPC1-17
Added Pin To Net: NetName=GND Pin=FPC1-18
Added Pin To Net: NetName=GND Pin=FPC2-17
Added Pin To Net: NetName=GND Pin=FPC2-18
Added Pin To Net: NetName=GND Pin=LED2-2
Added Pin To Net: NetName=GND Pin=P1-2
Added Pin To Net: NetName=GND Pin=P3-1
Added Pin To Net: NetName=GND Pin=R11-1
Added Pin To Net: NetName=GND Pin=R13-1
Added Pin To Net: NetName=GND Pin=R17-1
Added Pin To Net: NetName=GND Pin=R18-1
Added Pin To Net: NetName=GND Pin=R21-1
Added Pin To Net: NetName=GND Pin=R22-1
Added Pin To Net: NetName=GND Pin=R23-1
Added Pin To Net: NetName=GND Pin=R24-1
Added Pin To Net: NetName=GND Pin=R25-2
Added Pin To Net: NetName=GND Pin=R26-2
Added Pin To Net: NetName=GND Pin=R27-2
Added Pin To Net: NetName=GND Pin=R28-2
Added Pin To Net: NetName=GND Pin=R29-2
Added Pin To Net: NetName=GND Pin=R30-2
Added Pin To Net: NetName=GND Pin=R31-2
Added Pin To Net: NetName=GND Pin=R32-2
Added Pin To Net: NetName=GND Pin=R33-2
Added Pin To Net: NetName=GND Pin=R34-2
Added Pin To Net: NetName=GND Pin=R35-2
Added Pin To Net: NetName=GND Pin=R36-2
Added Pin To Net: NetName=GND Pin=R37-2
Added Pin To Net: NetName=GND Pin=R40-2
Added Pin To Net: NetName=GND Pin=U1-4
Added Pin To Net: NetName=GND Pin=U1-5
Added Pin To Net: NetName=GND Pin=U2-4
Added Pin To Net: NetName=GND Pin=U2-5
Added Pin To Net: NetName=GND Pin=U3-4
Added Pin To Net: NetName=GND Pin=U3-5
Added Pin To Net: NetName=GND Pin=U4-4
Added Pin To Net: NetName=GND Pin=U4-5
Added Pin To Net: NetName=GND Pin=U5-8
Added Pin To Net: NetName=GND Pin=U5-23
Added Pin To Net: NetName=GND Pin=U5-35
Added Pin To Net: NetName=GND Pin=U5-44
Added Pin To Net: NetName=GND Pin=U5-47
Added Pin To Net: NetName=GND Pin=U6-11
Added Pin To Net: NetName=GND Pin=U8-4
Added Pin To Net: NetName=GND Pin=U8-5
Added Pin To Net: NetName=GND Pin=U9-4
Added Pin To Net: NetName=GND Pin=U9-5
Added Pin To Net: NetName=GND Pin=U10-4
Added Pin To Net: NetName=GND Pin=U10-5
Added Pin To Net: NetName=GND Pin=U11-4
Added Pin To Net: NetName=GND Pin=U11-5
Added Pin To Net: NetName=GND Pin=U12-3
Added Pin To Net: NetName=GND Pin=U13-1
Added Pin To Net: NetName=GND Pin=USB1-1
Added Pin To Net: NetName=GND Pin=USB1-2
Added Pin To Net: NetName=GND Pin=USB1-3
Added Pin To Net: NetName=GND Pin=USB1-4
Added Pin To Net: NetName=GND Pin=USB1-A1B12
Added Pin To Net: NetName=GND Pin=USB1-B1A12
Added Pin To Net: NetName=GND Pin=Y1-2
Added Pin To Net: NetName=GND Pin=Y1-4
Added Net: Name=GND
Added Pin To Net: NetName=HC04_KEY- Pin=BLT1-12
Added Pin To Net: NetName=HC04_KEY- Pin=U5-3
Added Net: Name=HC04_KEY-
Added Pin To Net: NetName=HC04_RESET Pin=BLT1-16
Added Pin To Net: NetName=HC04_RESET Pin=C17-2
Added Pin To Net: NetName=HC04_RESET Pin=R3-1
Added Pin To Net: NetName=HC04_RESET Pin=U5-4
Added Net: Name=HC04_RESET
Added Pin To Net: NetName=HC04_RXD Pin=BLT1-4
Added Pin To Net: NetName=HC04_RXD Pin=R5-1
Added Pin To Net: NetName=HC04_RXD Pin=R7-2
Added Net: Name=HC04_RXD
Added Pin To Net: NetName=HC04_STA Pin=BLT1-9
Added Pin To Net: NetName=HC04_STA Pin=U5-2
Added Net: Name=HC04_STA
Added Pin To Net: NetName=HC04_TXD Pin=BLT1-3
Added Pin To Net: NetName=HC04_TXD Pin=R4-1
Added Pin To Net: NetName=HC04_TXD Pin=R6-2
Added Net: Name=HC04_TXD
Added Pin To Net: NetName=IN_CH1+ Pin=U1-9
Added Pin To Net: NetName=IN_CH1+ Pin=U6-5
Added Pin To Net: NetName=IN_CH1+ Pin=U9-9
Added Net: Name=IN_CH1+
Added Pin To Net: NetName=IN_CH2+ Pin=U2-9
Added Pin To Net: NetName=IN_CH2+ Pin=U6-3
Added Pin To Net: NetName=IN_CH2+ Pin=U8-9
Added Net: Name=IN_CH2+
Added Pin To Net: NetName=IN_CH3+ Pin=U3-9
Added Pin To Net: NetName=IN_CH3+ Pin=U6-12
Added Pin To Net: NetName=IN_CH3+ Pin=U11-9
Added Net: Name=IN_CH3+
Added Pin To Net: NetName=IN_CH4+ Pin=U4-9
Added Pin To Net: NetName=IN_CH4+ Pin=U6-10
Added Pin To Net: NetName=IN_CH4+ Pin=U10-9
Added Net: Name=IN_CH4+
Added Pin To Net: NetName=LED_GREEN Pin=D1-K
Added Pin To Net: NetName=LED_GREEN Pin=U5-38
Added Net: Name=LED_GREEN
Added Pin To Net: NetName=M_A Pin=U5-46
Added Pin To Net: NetName=M_A Pin=U8-7
Added Pin To Net: NetName=M_A Pin=U9-7
Added Pin To Net: NetName=M_A Pin=U10-7
Added Pin To Net: NetName=M_A Pin=U11-7
Added Net: Name=M_A
Added Pin To Net: NetName=M_B Pin=U5-45
Added Pin To Net: NetName=M_B Pin=U8-6
Added Pin To Net: NetName=M_B Pin=U9-6
Added Pin To Net: NetName=M_B Pin=U10-6
Added Pin To Net: NetName=M_B Pin=U11-6
Added Net: Name=M_B
Added Pin To Net: NetName=NetBLT1_11 Pin=BLT1-11
Added Pin To Net: NetName=NetBLT1_11 Pin=R43-2
Added Net: Name=NetBLT1_11
Added Pin To Net: NetName=NetC7_2 Pin=C7-2
Added Pin To Net: NetName=NetC7_2 Pin=C8-1
Added Pin To Net: NetName=NetC7_2 Pin=FB1-2
Added Pin To Net: NetName=NetC7_2 Pin=U5-9
Added Net: Name=NetC7_2
Added Pin To Net: NetName=NetC13_1 Pin=C13-1
Added Pin To Net: NetName=NetC13_1 Pin=R1-1
Added Pin To Net: NetName=NetC13_1 Pin=U5-7
Added Net: Name=NetC13_1
Added Pin To Net: NetName=NetC18_1 Pin=C18-1
Added Pin To Net: NetName=NetC18_1 Pin=R8-2
Added Pin To Net: NetName=NetC18_1 Pin=U6-4
Added Net: Name=NetC18_1
Added Pin To Net: NetName=NetC27_1 Pin=C27-1
Added Pin To Net: NetName=NetC27_1 Pin=U12-8
Added Net: Name=NetC27_1
Added Pin To Net: NetName=NetD1_A Pin=D1-A
Added Pin To Net: NetName=NetD1_A Pin=R2-2
Added Net: Name=NetD1_A
Added Pin To Net: NetName=NetF1_2 Pin=F1-2
Added Pin To Net: NetName=NetF1_2 Pin=USB1-A4B9
Added Pin To Net: NetName=NetF1_2 Pin=USB1-B4A9
Added Net: Name=NetF1_2
Added Pin To Net: NetName=NetLED2_1 Pin=LED2-1
Added Pin To Net: NetName=NetLED2_1 Pin=R43-1
Added Net: Name=NetLED2_1
Added Pin To Net: NetName=NetR9_1 Pin=R9-1
Added Pin To Net: NetName=NetR9_1 Pin=R11-2
Added Pin To Net: NetName=NetR9_1 Pin=U6-2
Added Net: Name=NetR9_1
Added Pin To Net: NetName=NetR9_2 Pin=R9-2
Added Pin To Net: NetName=NetR9_2 Pin=R12-1
Added Pin To Net: NetName=NetR9_2 Pin=U6-1
Added Net: Name=NetR9_2
Added Pin To Net: NetName=NetR10_1 Pin=R10-1
Added Pin To Net: NetName=NetR10_1 Pin=R13-2
Added Pin To Net: NetName=NetR10_1 Pin=U6-6
Added Net: Name=NetR10_1
Added Pin To Net: NetName=NetR10_2 Pin=R10-2
Added Pin To Net: NetName=NetR10_2 Pin=R14-1
Added Pin To Net: NetName=NetR10_2 Pin=U6-7
Added Net: Name=NetR10_2
Added Pin To Net: NetName=NetR15_1 Pin=R15-1
Added Pin To Net: NetName=NetR15_1 Pin=R17-2
Added Pin To Net: NetName=NetR15_1 Pin=U6-9
Added Net: Name=NetR15_1
Added Pin To Net: NetName=NetR15_2 Pin=R15-2
Added Pin To Net: NetName=NetR15_2 Pin=R19-1
Added Pin To Net: NetName=NetR15_2 Pin=U6-8
Added Net: Name=NetR15_2
Added Pin To Net: NetName=NetR16_1 Pin=R16-1
Added Pin To Net: NetName=NetR16_1 Pin=R18-2
Added Pin To Net: NetName=NetR16_1 Pin=U6-13
Added Net: Name=NetR16_1
Added Pin To Net: NetName=NetR16_2 Pin=R16-2
Added Pin To Net: NetName=NetR16_2 Pin=R20-1
Added Pin To Net: NetName=NetR16_2 Pin=U6-14
Added Net: Name=NetR16_2
Added Pin To Net: NetName=NetR21_2 Pin=R21-2
Added Pin To Net: NetName=NetR21_2 Pin=U8-1
Added Net: Name=NetR21_2
Added Pin To Net: NetName=NetR22_2 Pin=R22-2
Added Pin To Net: NetName=NetR22_2 Pin=U9-1
Added Net: Name=NetR22_2
Added Pin To Net: NetName=NetR23_2 Pin=R23-2
Added Pin To Net: NetName=NetR23_2 Pin=U10-1
Added Net: Name=NetR23_2
Added Pin To Net: NetName=NetR24_2 Pin=R24-2
Added Pin To Net: NetName=NetR24_2 Pin=U11-1
Added Net: Name=NetR24_2
Added Pin To Net: NetName=NetR25_1 Pin=R25-1
Added Pin To Net: NetName=NetR25_1 Pin=U8-2
Added Net: Name=NetR25_1
Added Pin To Net: NetName=NetR26_1 Pin=R26-1
Added Pin To Net: NetName=NetR26_1 Pin=U9-2
Added Net: Name=NetR26_1
Added Pin To Net: NetName=NetR27_1 Pin=R27-1
Added Pin To Net: NetName=NetR27_1 Pin=U10-2
Added Net: Name=NetR27_1
Added Pin To Net: NetName=NetR28_1 Pin=R28-1
Added Pin To Net: NetName=NetR28_1 Pin=U11-2
Added Net: Name=NetR28_1
Added Pin To Net: NetName=NetR29_1 Pin=R29-1
Added Pin To Net: NetName=NetR29_1 Pin=U8-3
Added Net: Name=NetR29_1
Added Pin To Net: NetName=NetR30_1 Pin=R30-1
Added Pin To Net: NetName=NetR30_1 Pin=U9-3
Added Net: Name=NetR30_1
Added Pin To Net: NetName=NetR31_1 Pin=R31-1
Added Pin To Net: NetName=NetR31_1 Pin=U10-3
Added Net: Name=NetR31_1
Added Pin To Net: NetName=NetR32_1 Pin=R32-1
Added Pin To Net: NetName=NetR32_1 Pin=U11-3
Added Net: Name=NetR32_1
Added Pin To Net: NetName=NetR33_1 Pin=R33-1
Added Pin To Net: NetName=NetR33_1 Pin=U8-8
Added Net: Name=NetR33_1
Added Pin To Net: NetName=NetR34_1 Pin=R34-1
Added Pin To Net: NetName=NetR34_1 Pin=U9-8
Added Net: Name=NetR34_1
Added Pin To Net: NetName=NetR35_1 Pin=R35-1
Added Pin To Net: NetName=NetR35_1 Pin=U10-8
Added Net: Name=NetR35_1
Added Pin To Net: NetName=NetR36_1 Pin=R36-1
Added Pin To Net: NetName=NetR36_1 Pin=U11-8
Added Net: Name=NetR36_1
Added Pin To Net: NetName=NetR37_1 Pin=R37-1
Added Pin To Net: NetName=NetR37_1 Pin=USB1-A5
Added Net: Name=NetR37_1
Added Pin To Net: NetName=NetR38_1 Pin=R38-1
Added Pin To Net: NetName=NetR38_1 Pin=U12-7
Added Net: Name=NetR38_1
Added Pin To Net: NetName=NetR39_1 Pin=R39-1
Added Pin To Net: NetName=NetR39_1 Pin=U12-6
Added Net: Name=NetR39_1
Added Pin To Net: NetName=NetR40_1 Pin=R40-1
Added Pin To Net: NetName=NetR40_1 Pin=USB1-B5
Added Net: Name=NetR40_1
Added Pin To Net: NetName=NetR41_2 Pin=R41-2
Added Pin To Net: NetName=NetR41_2 Pin=USB1-A6
Added Pin To Net: NetName=NetR41_2 Pin=USB1-B6
Added Net: Name=NetR41_2
Added Pin To Net: NetName=NetR42_2 Pin=R42-2
Added Pin To Net: NetName=NetR42_2 Pin=USB1-A7
Added Pin To Net: NetName=NetR42_2 Pin=USB1-B7
Added Net: Name=NetR42_2
Added Pin To Net: NetName=OSC_IN Pin=C6-1
Added Pin To Net: NetName=OSC_IN Pin=U5-5
Added Pin To Net: NetName=OSC_IN Pin=Y1-1
Added Net: Name=OSC_IN
Added Pin To Net: NetName=OSC_OUT Pin=C5-1
Added Pin To Net: NetName=OSC_OUT Pin=U5-6
Added Pin To Net: NetName=OSC_OUT Pin=Y1-3
Added Net: Name=OSC_OUT
Added Pin To Net: NetName=PA9(USART0_TXD) Pin=P1-4
Added Pin To Net: NetName=PA9(USART0_TXD) Pin=R38-2
Added Pin To Net: NetName=PA9(USART0_TXD) Pin=U5-30
Added Net: Name=PA9(USART0_TXD)
Added Pin To Net: NetName=PA10(USART0_RXD) Pin=P1-3
Added Pin To Net: NetName=PA10(USART0_RXD) Pin=R39-2
Added Pin To Net: NetName=PA10(USART0_RXD) Pin=U5-31
Added Net: Name=PA10(USART0_RXD)
Added Pin To Net: NetName=PB10(USART2_TX) Pin=R7-1
Added Pin To Net: NetName=PB10(USART2_TX) Pin=U5-21
Added Net: Name=PB10(USART2_TX)
Added Pin To Net: NetName=PB11(USART2_RX) Pin=R6-1
Added Pin To Net: NetName=PB11(USART2_RX) Pin=U5-22
Added Net: Name=PB11(USART2_RX)
Added Pin To Net: NetName=R1 Pin=FPC1-1
Added Pin To Net: NetName=R1 Pin=H1-16
Added Pin To Net: NetName=R1 Pin=U1-8
Added Net: Name=R1
Added Pin To Net: NetName=R2 Pin=FPC1-2
Added Pin To Net: NetName=R2 Pin=H1-15
Added Pin To Net: NetName=R2 Pin=U1-3
Added Net: Name=R2
Added Pin To Net: NetName=R3 Pin=FPC1-4
Added Pin To Net: NetName=R3 Pin=H1-13
Added Pin To Net: NetName=R3 Pin=U1-1
Added Net: Name=R3
Added Pin To Net: NetName=R4 Pin=FPC1-3
Added Pin To Net: NetName=R4 Pin=H1-14
Added Pin To Net: NetName=R4 Pin=U1-2
Added Net: Name=R4
Added Pin To Net: NetName=R5 Pin=FPC1-5
Added Pin To Net: NetName=R5 Pin=H1-12
Added Pin To Net: NetName=R5 Pin=U2-8
Added Net: Name=R5
Added Pin To Net: NetName=R6 Pin=FPC1-6
Added Pin To Net: NetName=R6 Pin=H1-11
Added Pin To Net: NetName=R6 Pin=U2-3
Added Net: Name=R6
Added Pin To Net: NetName=R7 Pin=FPC1-8
Added Pin To Net: NetName=R7 Pin=H1-9
Added Pin To Net: NetName=R7 Pin=U2-1
Added Net: Name=R7
Added Pin To Net: NetName=R8 Pin=FPC1-7
Added Pin To Net: NetName=R8 Pin=H1-10
Added Pin To Net: NetName=R8 Pin=U2-2
Added Net: Name=R8
Added Pin To Net: NetName=R9 Pin=FPC1-9
Added Pin To Net: NetName=R9 Pin=H1-8
Added Pin To Net: NetName=R9 Pin=U3-8
Added Net: Name=R9
Added Pin To Net: NetName=R10 Pin=FPC1-10
Added Pin To Net: NetName=R10 Pin=H1-7
Added Pin To Net: NetName=R10 Pin=U3-3
Added Net: Name=R10
Added Pin To Net: NetName=R11 Pin=FPC1-12
Added Pin To Net: NetName=R11 Pin=H1-5
Added Pin To Net: NetName=R11 Pin=U3-1
Added Net: Name=R11
Added Pin To Net: NetName=R12 Pin=FPC1-11
Added Pin To Net: NetName=R12 Pin=H1-6
Added Pin To Net: NetName=R12 Pin=U3-2
Added Net: Name=R12
Added Pin To Net: NetName=R13 Pin=FPC1-13
Added Pin To Net: NetName=R13 Pin=H1-4
Added Pin To Net: NetName=R13 Pin=U4-8
Added Net: Name=R13
Added Pin To Net: NetName=R14 Pin=FPC1-14
Added Pin To Net: NetName=R14 Pin=H1-3
Added Pin To Net: NetName=R14 Pin=U4-3
Added Net: Name=R14
Added Pin To Net: NetName=R15 Pin=FPC1-16
Added Pin To Net: NetName=R15 Pin=H1-1
Added Pin To Net: NetName=R15 Pin=U4-1
Added Net: Name=R15
Added Pin To Net: NetName=R16 Pin=FPC1-15
Added Pin To Net: NetName=R16 Pin=H1-2
Added Pin To Net: NetName=R16 Pin=U4-2
Added Net: Name=R16
Added Pin To Net: NetName=SWCLK Pin=P3-2
Added Pin To Net: NetName=SWCLK Pin=U5-37
Added Net: Name=SWCLK
Added Pin To Net: NetName=SWDIO Pin=P3-3
Added Pin To Net: NetName=SWDIO Pin=U5-34
Added Net: Name=SWDIO
Added Pin To Net: NetName=VCC_3V3 Pin=BLT1-2
Added Pin To Net: NetName=VCC_3V3 Pin=C1-1
Added Pin To Net: NetName=VCC_3V3 Pin=C2-1
Added Pin To Net: NetName=VCC_3V3 Pin=C3-1
Added Pin To Net: NetName=VCC_3V3 Pin=C4-1
Added Pin To Net: NetName=VCC_3V3 Pin=C9-1
Added Pin To Net: NetName=VCC_3V3 Pin=C10-1
Added Pin To Net: NetName=VCC_3V3 Pin=C11-1
Added Pin To Net: NetName=VCC_3V3 Pin=C12-1
Added Pin To Net: NetName=VCC_3V3 Pin=C14-2
Added Pin To Net: NetName=VCC_3V3 Pin=C15-2
Added Pin To Net: NetName=VCC_3V3 Pin=C16-2
Added Pin To Net: NetName=VCC_3V3 Pin=C23-1
Added Pin To Net: NetName=VCC_3V3 Pin=C24-1
Added Pin To Net: NetName=VCC_3V3 Pin=C25-1
Added Pin To Net: NetName=VCC_3V3 Pin=C26-1
Added Pin To Net: NetName=VCC_3V3 Pin=C30-2
Added Pin To Net: NetName=VCC_3V3 Pin=C31-2
Added Pin To Net: NetName=VCC_3V3 Pin=FB1-1
Added Pin To Net: NetName=VCC_3V3 Pin=P3-4
Added Pin To Net: NetName=VCC_3V3 Pin=R1-2
Added Pin To Net: NetName=VCC_3V3 Pin=R2-1
Added Pin To Net: NetName=VCC_3V3 Pin=R3-2
Added Pin To Net: NetName=VCC_3V3 Pin=R4-2
Added Pin To Net: NetName=VCC_3V3 Pin=R5-2
Added Pin To Net: NetName=VCC_3V3 Pin=R8-1
Added Pin To Net: NetName=VCC_3V3 Pin=U1-10
Added Pin To Net: NetName=VCC_3V3 Pin=U2-10
Added Pin To Net: NetName=VCC_3V3 Pin=U3-10
Added Pin To Net: NetName=VCC_3V3 Pin=U4-10
Added Pin To Net: NetName=VCC_3V3 Pin=U5-1
Added Pin To Net: NetName=VCC_3V3 Pin=U5-24
Added Pin To Net: NetName=VCC_3V3 Pin=U5-36
Added Pin To Net: NetName=VCC_3V3 Pin=U5-48
Added Pin To Net: NetName=VCC_3V3 Pin=U8-10
Added Pin To Net: NetName=VCC_3V3 Pin=U9-10
Added Pin To Net: NetName=VCC_3V3 Pin=U10-10
Added Pin To Net: NetName=VCC_3V3 Pin=U11-10
Added Pin To Net: NetName=VCC_3V3 Pin=U13-2
Added Pin To Net: NetName=VCC_3V3 Pin=U13-4
Added Net: Name=VCC_3V3
Added Pin To Net: NetName=VCC_5V Pin=C28-2
Added Pin To Net: NetName=VCC_5V Pin=C29-2
Added Pin To Net: NetName=VCC_5V Pin=C32-2
Added Pin To Net: NetName=VCC_5V Pin=C33-2
Added Pin To Net: NetName=VCC_5V Pin=F1-1
Added Pin To Net: NetName=VCC_5V Pin=P1-1
Added Pin To Net: NetName=VCC_5V Pin=U12-5
Added Pin To Net: NetName=VCC_5V Pin=U13-3
Added Net: Name=VCC_5V
Added Class: Name=MCU
Added Class: Name=Measure
Added Class: Name=Power
Added Class: Name=Scan
Added Room: Name=MCU
Added Room: Name=Measure
Added Room: Name=Power
Added Room: Name=Scan
