Removed Pin From Net: NetName=R3 Pin=FPC1-3
Removed Pin From Net: NetName=R4 Pin=FPC1-4
Removed Pin From Net: NetName=R7 Pin=FPC1-7
Removed Pin From Net: NetName=R8 Pin=FPC1-8
Removed Pin From Net: NetName=R11 Pin=FPC1-11
Removed Pin From Net: NetName=R12 Pin=FPC1-12
Removed Pin From Net: NetName=R15 Pin=FPC1-15
Removed Pin From Net: NetName=R16 Pin=FPC1-16
Added Pin To Net: NetName=R4 Pin=FPC1-3
Added Pin To Net: NetName=R3 Pin=FPC1-4
Added Pin To Net: NetName=R8 Pin=FPC1-7
Added Pin To Net: NetName=R7 Pin=FPC1-8
Added Pin To Net: NetName=R12 Pin=FPC1-11
Added Pin To Net: NetName=R11 Pin=FPC1-12
Added Pin To Net: NetName=R16 Pin=FPC1-15
Added Pin To Net: NetName=R15 Pin=FPC1-16
Added Room: Name=MCU
Added Room: Name=Measure
Added Room: Name=Power
Added Room: Name=Scan
